[2023-12-27 12:06:24,926] INFO Kafka Connect worker initializing ... (org.apache.kafka.connect.cli.AbstractConnectCli:114)
[2023-12-27 12:06:24,946] INFO WorkerInfo values: 
	jvm.args = -Xms256M, -Xmx2G, -XX:+UseG1GC, -XX:MaxGCPauseMillis=20, -XX:InitiatingHeapOccupancyPercent=35, -XX:+ExplicitGCInvokesConcurrent, -XX:MaxInlineLevel=15, -Djava.awt.headless=true, -Dcom.sun.management.jmxremote, -Dcom.sun.management.jmxremote.authenticate=false, -Dcom.sun.management.jmxremote.ssl=false, -Dkafka.logs.dir=/home/ondrasz/kafka/bin/../logs, -Dlog4j.configuration=file:./bin/../config/connect-log4j.properties
	jvm.spec = Ubuntu, OpenJDK 64-Bit Server VM, 11.0.21, 11.0.21+9-post-Ubuntu-0ubuntu120.04
	jvm.classpath = /home/ondrasz/kafka/bin/../libs/activation-1.1.1.jar:/home/ondrasz/kafka/bin/../libs/aopalliance-repackaged-2.6.1.jar:/home/ondrasz/kafka/bin/../libs/argparse4j-0.7.0.jar:/home/ondrasz/kafka/bin/../libs/audience-annotations-0.12.0.jar:/home/ondrasz/kafka/bin/../libs/caffeine-2.9.3.jar:/home/ondrasz/kafka/bin/../libs/checker-qual-3.19.0.jar:/home/ondrasz/kafka/bin/../libs/commons-beanutils-1.9.4.jar:/home/ondrasz/kafka/bin/../libs/commons-cli-1.4.jar:/home/ondrasz/kafka/bin/../libs/commons-collections-3.2.2.jar:/home/ondrasz/kafka/bin/../libs/commons-digester-2.1.jar:/home/ondrasz/kafka/bin/../libs/commons-io-2.11.0.jar:/home/ondrasz/kafka/bin/../libs/commons-lang3-3.8.1.jar:/home/ondrasz/kafka/bin/../libs/commons-logging-1.2.jar:/home/ondrasz/kafka/bin/../libs/commons-validator-1.7.jar:/home/ondrasz/kafka/bin/../libs/connect-api-3.6.0.jar:/home/ondrasz/kafka/bin/../libs/connect-basic-auth-extension-3.6.0.jar:/home/ondrasz/kafka/bin/../libs/connect-json-3.6.0.jar:/home/ondrasz/kafka/bin/../libs/connect-mirror-3.6.0.jar:/home/ondrasz/kafka/bin/../libs/connect-mirror-client-3.6.0.jar:/home/ondrasz/kafka/bin/../libs/connect-runtime-3.6.0.jar:/home/ondrasz/kafka/bin/../libs/connect-transforms-3.6.0.jar:/home/ondrasz/kafka/bin/../libs/error_prone_annotations-2.10.0.jar:/home/ondrasz/kafka/bin/../libs/hk2-api-2.6.1.jar:/home/ondrasz/kafka/bin/../libs/hk2-locator-2.6.1.jar:/home/ondrasz/kafka/bin/../libs/hk2-utils-2.6.1.jar:/home/ondrasz/kafka/bin/../libs/jackson-annotations-2.13.5.jar:/home/ondrasz/kafka/bin/../libs/jackson-core-2.13.5.jar:/home/ondrasz/kafka/bin/../libs/jackson-databind-2.13.5.jar:/home/ondrasz/kafka/bin/../libs/jackson-dataformat-csv-2.13.5.jar:/home/ondrasz/kafka/bin/../libs/jackson-datatype-jdk8-2.13.5.jar:/home/ondrasz/kafka/bin/../libs/jackson-jaxrs-base-2.13.5.jar:/home/ondrasz/kafka/bin/../libs/jackson-jaxrs-json-provider-2.13.5.jar:/home/ondrasz/kafka/bin/../libs/jackson-module-jaxb-annotations-2.13.5.jar:/home/ondrasz/kafka/bin/../libs/jackson-module-scala_2.13-2.13.5.jar:/home/ondrasz/kafka/bin/../libs/jakarta.activation-api-1.2.2.jar:/home/ondrasz/kafka/bin/../libs/jakarta.annotation-api-1.3.5.jar:/home/ondrasz/kafka/bin/../libs/jakarta.inject-2.6.1.jar:/home/ondrasz/kafka/bin/../libs/jakarta.validation-api-2.0.2.jar:/home/ondrasz/kafka/bin/../libs/jakarta.ws.rs-api-2.1.6.jar:/home/ondrasz/kafka/bin/../libs/jakarta.xml.bind-api-2.3.3.jar:/home/ondrasz/kafka/bin/../libs/javassist-3.29.2-GA.jar:/home/ondrasz/kafka/bin/../libs/javax.activation-api-1.2.0.jar:/home/ondrasz/kafka/bin/../libs/javax.annotation-api-1.3.2.jar:/home/ondrasz/kafka/bin/../libs/javax.servlet-api-3.1.0.jar:/home/ondrasz/kafka/bin/../libs/javax.ws.rs-api-2.1.1.jar:/home/ondrasz/kafka/bin/../libs/jaxb-api-2.3.1.jar:/home/ondrasz/kafka/bin/../libs/jersey-client-2.39.1.jar:/home/ondrasz/kafka/bin/../libs/jersey-common-2.39.1.jar:/home/ondrasz/kafka/bin/../libs/jersey-container-servlet-2.39.1.jar:/home/ondrasz/kafka/bin/../libs/jersey-container-servlet-core-2.39.1.jar:/home/ondrasz/kafka/bin/../libs/jersey-hk2-2.39.1.jar:/home/ondrasz/kafka/bin/../libs/jersey-server-2.39.1.jar:/home/ondrasz/kafka/bin/../libs/jetty-client-9.4.52.v20230823.jar:/home/ondrasz/kafka/bin/../libs/jetty-continuation-9.4.52.v20230823.jar:/home/ondrasz/kafka/bin/../libs/jetty-http-9.4.52.v20230823.jar:/home/ondrasz/kafka/bin/../libs/jetty-io-9.4.52.v20230823.jar:/home/ondrasz/kafka/bin/../libs/jetty-security-9.4.52.v20230823.jar:/home/ondrasz/kafka/bin/../libs/jetty-server-9.4.52.v20230823.jar:/home/ondrasz/kafka/bin/../libs/jetty-servlet-9.4.52.v20230823.jar:/home/ondrasz/kafka/bin/../libs/jetty-servlets-9.4.52.v20230823.jar:/home/ondrasz/kafka/bin/../libs/jetty-util-9.4.52.v20230823.jar:/home/ondrasz/kafka/bin/../libs/jetty-util-ajax-9.4.52.v20230823.jar:/home/ondrasz/kafka/bin/../libs/jline-3.22.0.jar:/home/ondrasz/kafka/bin/../libs/jopt-simple-5.0.4.jar:/home/ondrasz/kafka/bin/../libs/jose4j-0.9.3.jar:/home/ondrasz/kafka/bin/../libs/jsr305-3.0.2.jar:/home/ondrasz/kafka/bin/../libs/kafka-clients-3.6.0.jar:/home/ondrasz/kafka/bin/../libs/kafka-group-coordinator-3.6.0.jar:/home/ondrasz/kafka/bin/../libs/kafka-log4j-appender-3.6.0.jar:/home/ondrasz/kafka/bin/../libs/kafka-metadata-3.6.0.jar:/home/ondrasz/kafka/bin/../libs/kafka-raft-3.6.0.jar:/home/ondrasz/kafka/bin/../libs/kafka-server-common-3.6.0.jar:/home/ondrasz/kafka/bin/../libs/kafka-shell-3.6.0.jar:/home/ondrasz/kafka/bin/../libs/kafka-storage-3.6.0.jar:/home/ondrasz/kafka/bin/../libs/kafka-storage-api-3.6.0.jar:/home/ondrasz/kafka/bin/../libs/kafka-streams-3.6.0.jar:/home/ondrasz/kafka/bin/../libs/kafka-streams-examples-3.6.0.jar:/home/ondrasz/kafka/bin/../libs/kafka-streams-scala_2.13-3.6.0.jar:/home/ondrasz/kafka/bin/../libs/kafka-streams-test-utils-3.6.0.jar:/home/ondrasz/kafka/bin/../libs/kafka-tools-3.6.0.jar:/home/ondrasz/kafka/bin/../libs/kafka-tools-api-3.6.0.jar:/home/ondrasz/kafka/bin/../libs/kafka_2.13-3.6.0.jar:/home/ondrasz/kafka/bin/../libs/lz4-java-1.8.0.jar:/home/ondrasz/kafka/bin/../libs/maven-artifact-3.8.8.jar:/home/ondrasz/kafka/bin/../libs/metrics-core-2.2.0.jar:/home/ondrasz/kafka/bin/../libs/metrics-core-4.1.12.1.jar:/home/ondrasz/kafka/bin/../libs/netty-buffer-4.1.94.Final.jar:/home/ondrasz/kafka/bin/../libs/netty-codec-4.1.94.Final.jar:/home/ondrasz/kafka/bin/../libs/netty-common-4.1.94.Final.jar:/home/ondrasz/kafka/bin/../libs/netty-handler-4.1.94.Final.jar:/home/ondrasz/kafka/bin/../libs/netty-resolver-4.1.94.Final.jar:/home/ondrasz/kafka/bin/../libs/netty-transport-4.1.94.Final.jar:/home/ondrasz/kafka/bin/../libs/netty-transport-classes-epoll-4.1.94.Final.jar:/home/ondrasz/kafka/bin/../libs/netty-transport-native-epoll-4.1.94.Final.jar:/home/ondrasz/kafka/bin/../libs/netty-transport-native-unix-common-4.1.94.Final.jar:/home/ondrasz/kafka/bin/../libs/osgi-resource-locator-1.0.3.jar:/home/ondrasz/kafka/bin/../libs/paranamer-2.8.jar:/home/ondrasz/kafka/bin/../libs/pcollections-4.0.1.jar:/home/ondrasz/kafka/bin/../libs/plexus-utils-3.3.1.jar:/home/ondrasz/kafka/bin/../libs/reflections-0.10.2.jar:/home/ondrasz/kafka/bin/../libs/reload4j-1.2.25.jar:/home/ondrasz/kafka/bin/../libs/rocksdbjni-7.9.2.jar:/home/ondrasz/kafka/bin/../libs/scala-collection-compat_2.13-2.10.0.jar:/home/ondrasz/kafka/bin/../libs/scala-java8-compat_2.13-1.0.2.jar:/home/ondrasz/kafka/bin/../libs/scala-library-2.13.11.jar:/home/ondrasz/kafka/bin/../libs/scala-logging_2.13-3.9.4.jar:/home/ondrasz/kafka/bin/../libs/scala-reflect-2.13.11.jar:/home/ondrasz/kafka/bin/../libs/slf4j-api-1.7.36.jar:/home/ondrasz/kafka/bin/../libs/slf4j-reload4j-1.7.36.jar:/home/ondrasz/kafka/bin/../libs/snappy-java-1.1.10.4.jar:/home/ondrasz/kafka/bin/../libs/swagger-annotations-2.2.8.jar:/home/ondrasz/kafka/bin/../libs/trogdor-3.6.0.jar:/home/ondrasz/kafka/bin/../libs/zookeeper-3.8.2.jar:/home/ondrasz/kafka/bin/../libs/zookeeper-jute-3.8.2.jar:/home/ondrasz/kafka/bin/../libs/zstd-jni-1.5.5-1.jar
	os.spec = Linux, amd64, 5.15.0-1053-azure
	os.vcpus = 1
 (org.apache.kafka.connect.runtime.WorkerInfo:71)
[2023-12-27 12:06:24,947] INFO Scanning for plugin classes. This might take a moment ... (org.apache.kafka.connect.cli.AbstractConnectCli:120)
[2023-12-27 12:06:25,025] INFO Loading plugin from: /home/ondrasz/kafka/jdbc/confluentinc-kafka-connect-jdbc-10.7.4/lib (org.apache.kafka.connect.runtime.isolation.PluginScanner:75)
[2023-12-27 12:06:25,652] INFO Registered loader: PluginClassLoader{pluginLocation=file:/home/ondrasz/kafka/jdbc/confluentinc-kafka-connect-jdbc-10.7.4/lib/} (org.apache.kafka.connect.runtime.isolation.PluginScanner:80)
[2023-12-27 12:06:26,149] INFO Loading plugin from: /home/ondrasz/kafka/jdbc/confluentinc-kafka-connect-jdbc-10.7.4/etc (org.apache.kafka.connect.runtime.isolation.PluginScanner:75)
[2023-12-27 12:06:26,172] INFO Registered loader: PluginClassLoader{pluginLocation=file:/home/ondrasz/kafka/jdbc/confluentinc-kafka-connect-jdbc-10.7.4/etc/} (org.apache.kafka.connect.runtime.isolation.PluginScanner:80)
[2023-12-27 12:06:26,177] INFO Loading plugin from: /home/ondrasz/kafka/jdbc/confluentinc-kafka-connect-jdbc-10.7.4/assets (org.apache.kafka.connect.runtime.isolation.PluginScanner:75)
[2023-12-27 12:06:26,204] INFO Registered loader: PluginClassLoader{pluginLocation=file:/home/ondrasz/kafka/jdbc/confluentinc-kafka-connect-jdbc-10.7.4/assets/} (org.apache.kafka.connect.runtime.isolation.PluginScanner:80)
[2023-12-27 12:06:26,210] INFO Loading plugin from: /home/ondrasz/kafka/jdbc/confluentinc-kafka-connect-jdbc-10.7.4/doc (org.apache.kafka.connect.runtime.isolation.PluginScanner:75)
[2023-12-27 12:06:26,231] INFO Registered loader: PluginClassLoader{pluginLocation=file:/home/ondrasz/kafka/jdbc/confluentinc-kafka-connect-jdbc-10.7.4/doc/} (org.apache.kafka.connect.runtime.isolation.PluginScanner:80)
[2023-12-27 12:06:26,233] INFO Loading plugin from: classpath (org.apache.kafka.connect.runtime.isolation.PluginScanner:75)
[2023-12-27 12:06:26,285] INFO Registered loader: jdk.internal.loader.ClassLoaders$AppClassLoader@49476842 (org.apache.kafka.connect.runtime.isolation.PluginScanner:80)
[2023-12-27 12:06:26,286] INFO Scanning plugins with ServiceLoaderScanner took 1262 ms (org.apache.kafka.connect.runtime.isolation.PluginScanner:70)
[2023-12-27 12:06:26,290] INFO Loading plugin from: /home/ondrasz/kafka/jdbc/confluentinc-kafka-connect-jdbc-10.7.4/lib (org.apache.kafka.connect.runtime.isolation.PluginScanner:75)
[2023-12-27 12:06:28,346] INFO Registered loader: PluginClassLoader{pluginLocation=file:/home/ondrasz/kafka/jdbc/confluentinc-kafka-connect-jdbc-10.7.4/lib/} (org.apache.kafka.connect.runtime.isolation.PluginScanner:80)
[2023-12-27 12:06:28,391] INFO Loading plugin from: /home/ondrasz/kafka/jdbc/confluentinc-kafka-connect-jdbc-10.7.4/etc (org.apache.kafka.connect.runtime.isolation.PluginScanner:75)
[2023-12-27 12:06:28,396] INFO Registered loader: PluginClassLoader{pluginLocation=file:/home/ondrasz/kafka/jdbc/confluentinc-kafka-connect-jdbc-10.7.4/etc/} (org.apache.kafka.connect.runtime.isolation.PluginScanner:80)
[2023-12-27 12:06:28,405] INFO Loading plugin from: /home/ondrasz/kafka/jdbc/confluentinc-kafka-connect-jdbc-10.7.4/assets (org.apache.kafka.connect.runtime.isolation.PluginScanner:75)
[2023-12-27 12:06:28,407] INFO Registered loader: PluginClassLoader{pluginLocation=file:/home/ondrasz/kafka/jdbc/confluentinc-kafka-connect-jdbc-10.7.4/assets/} (org.apache.kafka.connect.runtime.isolation.PluginScanner:80)
[2023-12-27 12:06:28,409] INFO Loading plugin from: /home/ondrasz/kafka/jdbc/confluentinc-kafka-connect-jdbc-10.7.4/doc (org.apache.kafka.connect.runtime.isolation.PluginScanner:75)
[2023-12-27 12:06:28,412] INFO Registered loader: PluginClassLoader{pluginLocation=file:/home/ondrasz/kafka/jdbc/confluentinc-kafka-connect-jdbc-10.7.4/doc/} (org.apache.kafka.connect.runtime.isolation.PluginScanner:80)
[2023-12-27 12:06:28,417] INFO Loading plugin from: classpath (org.apache.kafka.connect.runtime.isolation.PluginScanner:75)
[2023-12-27 12:06:36,711] INFO Registered loader: jdk.internal.loader.ClassLoaders$AppClassLoader@49476842 (org.apache.kafka.connect.runtime.isolation.PluginScanner:80)
[2023-12-27 12:06:36,714] INFO Scanning plugins with ReflectionScanner took 10424 ms (org.apache.kafka.connect.runtime.isolation.PluginScanner:70)
[2023-12-27 12:06:36,729] WARN One or more plugins are missing ServiceLoader manifests may not be usable with plugin.discovery=service_load: [
file:/home/ondrasz/kafka/jdbc/confluentinc-kafka-connect-jdbc-10.7.4/lib/	io.confluent.connect.jdbc.JdbcSinkConnector	sink	10.3.0
file:/home/ondrasz/kafka/jdbc/confluentinc-kafka-connect-jdbc-10.7.4/lib/	io.confluent.connect.jdbc.JdbcSourceConnector	source	10.3.0
]
Read the documentation at https://kafka.apache.org/documentation.html#connect_plugindiscovery for instructions on migrating your plugins to take advantage of the performance improvements of service_load mode. To silence this warning, set plugin.discovery=only_scan in the worker config. (org.apache.kafka.connect.runtime.isolation.Plugins:121)
[2023-12-27 12:06:36,732] INFO Added plugin 'org.apache.kafka.connect.transforms.ReplaceField$Key' (org.apache.kafka.connect.runtime.isolation.DelegatingClassLoader:105)
[2023-12-27 12:06:36,737] INFO Added plugin 'org.apache.kafka.connect.transforms.Filter' (org.apache.kafka.connect.runtime.isolation.DelegatingClassLoader:105)
[2023-12-27 12:06:36,737] INFO Added plugin 'org.apache.kafka.connect.mirror.MirrorSourceConnector' (org.apache.kafka.connect.runtime.isolation.DelegatingClassLoader:105)
[2023-12-27 12:06:36,737] INFO Added plugin 'org.apache.kafka.connect.transforms.InsertField$Value' (org.apache.kafka.connect.runtime.isolation.DelegatingClassLoader:105)
[2023-12-27 12:06:36,737] INFO Added plugin 'org.apache.kafka.connect.converters.DoubleConverter' (org.apache.kafka.connect.runtime.isolation.DelegatingClassLoader:105)
[2023-12-27 12:06:36,737] INFO Added plugin 'org.apache.kafka.connect.connector.policy.AllConnectorClientConfigOverridePolicy' (org.apache.kafka.connect.runtime.isolation.DelegatingClassLoader:105)
[2023-12-27 12:06:36,740] INFO Added plugin 'org.apache.kafka.connect.connector.policy.PrincipalConnectorClientConfigOverridePolicy' (org.apache.kafka.connect.runtime.isolation.DelegatingClassLoader:105)
[2023-12-27 12:06:36,740] INFO Added plugin 'org.apache.kafka.connect.transforms.DropHeaders' (org.apache.kafka.connect.runtime.isolation.DelegatingClassLoader:105)
[2023-12-27 12:06:36,741] INFO Added plugin 'org.apache.kafka.connect.transforms.Cast$Key' (org.apache.kafka.connect.runtime.isolation.DelegatingClassLoader:105)
[2023-12-27 12:06:36,742] INFO Added plugin 'org.apache.kafka.connect.storage.SimpleHeaderConverter' (org.apache.kafka.connect.runtime.isolation.DelegatingClassLoader:105)
[2023-12-27 12:06:36,743] INFO Added plugin 'org.apache.kafka.connect.transforms.InsertHeader' (org.apache.kafka.connect.runtime.isolation.DelegatingClassLoader:105)
[2023-12-27 12:06:36,743] INFO Added plugin 'org.apache.kafka.common.config.provider.DirectoryConfigProvider' (org.apache.kafka.connect.runtime.isolation.DelegatingClassLoader:105)
[2023-12-27 12:06:36,743] INFO Added plugin 'io.confluent.connect.jdbc.JdbcSourceConnector' (org.apache.kafka.connect.runtime.isolation.DelegatingClassLoader:105)
[2023-12-27 12:06:36,743] INFO Added plugin 'org.apache.kafka.connect.transforms.Flatten$Key' (org.apache.kafka.connect.runtime.isolation.DelegatingClassLoader:105)
[2023-12-27 12:06:36,743] INFO Added plugin 'org.apache.kafka.connect.mirror.MirrorCheckpointConnector' (org.apache.kafka.connect.runtime.isolation.DelegatingClassLoader:105)
[2023-12-27 12:06:36,744] INFO Added plugin 'org.apache.kafka.connect.transforms.HeaderFrom$Value' (org.apache.kafka.connect.runtime.isolation.DelegatingClassLoader:105)
[2023-12-27 12:06:36,744] INFO Added plugin 'org.apache.kafka.connect.transforms.SetSchemaMetadata$Key' (org.apache.kafka.connect.runtime.isolation.DelegatingClassLoader:105)
[2023-12-27 12:06:36,744] INFO Added plugin 'org.apache.kafka.connect.transforms.predicates.TopicNameMatches' (org.apache.kafka.connect.runtime.isolation.DelegatingClassLoader:105)
[2023-12-27 12:06:36,744] INFO Added plugin 'org.apache.kafka.connect.transforms.ReplaceField$Value' (org.apache.kafka.connect.runtime.isolation.DelegatingClassLoader:105)
[2023-12-27 12:06:36,745] INFO Added plugin 'org.apache.kafka.connect.transforms.SetSchemaMetadata$Value' (org.apache.kafka.connect.runtime.isolation.DelegatingClassLoader:105)
[2023-12-27 12:06:36,745] INFO Added plugin 'org.apache.kafka.connect.converters.IntegerConverter' (org.apache.kafka.connect.runtime.isolation.DelegatingClassLoader:105)
[2023-12-27 12:06:36,745] INFO Added plugin 'org.apache.kafka.connect.transforms.predicates.RecordIsTombstone' (org.apache.kafka.connect.runtime.isolation.DelegatingClassLoader:105)
[2023-12-27 12:06:36,745] INFO Added plugin 'org.apache.kafka.connect.connector.policy.NoneConnectorClientConfigOverridePolicy' (org.apache.kafka.connect.runtime.isolation.DelegatingClassLoader:105)
[2023-12-27 12:06:36,749] INFO Added plugin 'org.apache.kafka.connect.converters.ByteArrayConverter' (org.apache.kafka.connect.runtime.isolation.DelegatingClassLoader:105)
[2023-12-27 12:06:36,749] INFO Added plugin 'org.apache.kafka.connect.transforms.Cast$Value' (org.apache.kafka.connect.runtime.isolation.DelegatingClassLoader:105)
[2023-12-27 12:06:36,749] INFO Added plugin 'org.apache.kafka.connect.transforms.Flatten$Value' (org.apache.kafka.connect.runtime.isolation.DelegatingClassLoader:105)
[2023-12-27 12:06:36,749] INFO Added plugin 'io.confluent.connect.jdbc.JdbcSinkConnector' (org.apache.kafka.connect.runtime.isolation.DelegatingClassLoader:105)
[2023-12-27 12:06:36,749] INFO Added plugin 'org.apache.kafka.connect.rest.basic.auth.extension.BasicAuthSecurityRestExtension' (org.apache.kafka.connect.runtime.isolation.DelegatingClassLoader:105)
[2023-12-27 12:06:36,750] INFO Added plugin 'org.apache.kafka.connect.transforms.ExtractField$Value' (org.apache.kafka.connect.runtime.isolation.DelegatingClassLoader:105)
[2023-12-27 12:06:36,750] INFO Added plugin 'org.apache.kafka.connect.transforms.TimestampConverter$Value' (org.apache.kafka.connect.runtime.isolation.DelegatingClassLoader:105)
[2023-12-27 12:06:36,750] INFO Added plugin 'org.apache.kafka.connect.converters.FloatConverter' (org.apache.kafka.connect.runtime.isolation.DelegatingClassLoader:105)
[2023-12-27 12:06:36,751] INFO Added plugin 'org.apache.kafka.connect.transforms.TimestampConverter$Key' (org.apache.kafka.connect.runtime.isolation.DelegatingClassLoader:105)
[2023-12-27 12:06:36,751] INFO Added plugin 'org.apache.kafka.connect.transforms.TimestampRouter' (org.apache.kafka.connect.runtime.isolation.DelegatingClassLoader:105)
[2023-12-27 12:06:36,751] INFO Added plugin 'org.apache.kafka.connect.transforms.RegexRouter' (org.apache.kafka.connect.runtime.isolation.DelegatingClassLoader:105)
[2023-12-27 12:06:36,751] INFO Added plugin 'org.apache.kafka.connect.transforms.HoistField$Value' (org.apache.kafka.connect.runtime.isolation.DelegatingClassLoader:105)
[2023-12-27 12:06:36,751] INFO Added plugin 'org.apache.kafka.connect.transforms.ValueToKey' (org.apache.kafka.connect.runtime.isolation.DelegatingClassLoader:105)
[2023-12-27 12:06:36,751] INFO Added plugin 'org.apache.kafka.connect.converters.LongConverter' (org.apache.kafka.connect.runtime.isolation.DelegatingClassLoader:105)
[2023-12-27 12:06:36,752] INFO Added plugin 'org.apache.kafka.common.config.provider.FileConfigProvider' (org.apache.kafka.connect.runtime.isolation.DelegatingClassLoader:105)
[2023-12-27 12:06:36,753] INFO Added plugin 'org.apache.kafka.connect.json.JsonConverter' (org.apache.kafka.connect.runtime.isolation.DelegatingClassLoader:105)
[2023-12-27 12:06:36,753] INFO Added plugin 'org.apache.kafka.connect.transforms.HeaderFrom$Key' (org.apache.kafka.connect.runtime.isolation.DelegatingClassLoader:105)
[2023-12-27 12:06:36,754] INFO Added plugin 'org.apache.kafka.connect.transforms.predicates.HasHeaderKey' (org.apache.kafka.connect.runtime.isolation.DelegatingClassLoader:105)
[2023-12-27 12:06:36,754] INFO Added plugin 'org.apache.kafka.connect.transforms.MaskField$Value' (org.apache.kafka.connect.runtime.isolation.DelegatingClassLoader:105)
[2023-12-27 12:06:36,754] INFO Added plugin 'org.apache.kafka.common.config.provider.EnvVarConfigProvider' (org.apache.kafka.connect.runtime.isolation.DelegatingClassLoader:105)
[2023-12-27 12:06:36,754] INFO Added plugin 'org.apache.kafka.connect.storage.StringConverter' (org.apache.kafka.connect.runtime.isolation.DelegatingClassLoader:105)
[2023-12-27 12:06:36,755] INFO Added plugin 'org.apache.kafka.connect.transforms.MaskField$Key' (org.apache.kafka.connect.runtime.isolation.DelegatingClassLoader:105)
[2023-12-27 12:06:36,755] INFO Added plugin 'org.apache.kafka.connect.transforms.ExtractField$Key' (org.apache.kafka.connect.runtime.isolation.DelegatingClassLoader:105)
[2023-12-27 12:06:36,755] INFO Added plugin 'org.apache.kafka.connect.transforms.InsertField$Key' (org.apache.kafka.connect.runtime.isolation.DelegatingClassLoader:105)
[2023-12-27 12:06:36,755] INFO Added plugin 'org.apache.kafka.connect.mirror.MirrorHeartbeatConnector' (org.apache.kafka.connect.runtime.isolation.DelegatingClassLoader:105)
[2023-12-27 12:06:36,756] INFO Added plugin 'org.apache.kafka.connect.transforms.HoistField$Key' (org.apache.kafka.connect.runtime.isolation.DelegatingClassLoader:105)
[2023-12-27 12:06:36,761] INFO Added plugin 'org.apache.kafka.connect.converters.ShortConverter' (org.apache.kafka.connect.runtime.isolation.DelegatingClassLoader:105)
[2023-12-27 12:06:36,765] INFO Added alias 'RecordIsTombstone' to plugin 'org.apache.kafka.connect.transforms.predicates.RecordIsTombstone' (org.apache.kafka.connect.runtime.isolation.DelegatingClassLoader:109)
[2023-12-27 12:06:36,766] INFO Added alias 'String' to plugin 'org.apache.kafka.connect.storage.StringConverter' (org.apache.kafka.connect.runtime.isolation.DelegatingClassLoader:109)
[2023-12-27 12:06:36,766] INFO Added alias 'EnvVar' to plugin 'org.apache.kafka.common.config.provider.EnvVarConfigProvider' (org.apache.kafka.connect.runtime.isolation.DelegatingClassLoader:109)
[2023-12-27 12:06:36,766] INFO Added alias 'EnvVarConfigProvider' to plugin 'org.apache.kafka.common.config.provider.EnvVarConfigProvider' (org.apache.kafka.connect.runtime.isolation.DelegatingClassLoader:109)
[2023-12-27 12:06:36,766] INFO Added alias 'MirrorCheckpointConnector' to plugin 'org.apache.kafka.connect.mirror.MirrorCheckpointConnector' (org.apache.kafka.connect.runtime.isolation.DelegatingClassLoader:109)
[2023-12-27 12:06:36,767] INFO Added alias 'Json' to plugin 'org.apache.kafka.connect.json.JsonConverter' (org.apache.kafka.connect.runtime.isolation.DelegatingClassLoader:109)
[2023-12-27 12:06:36,767] INFO Added alias 'StringConverter' to plugin 'org.apache.kafka.connect.storage.StringConverter' (org.apache.kafka.connect.runtime.isolation.DelegatingClassLoader:109)
[2023-12-27 12:06:36,767] INFO Added alias 'IntegerConverter' to plugin 'org.apache.kafka.connect.converters.IntegerConverter' (org.apache.kafka.connect.runtime.isolation.DelegatingClassLoader:109)
[2023-12-27 12:06:36,767] INFO Added alias 'Float' to plugin 'org.apache.kafka.connect.converters.FloatConverter' (org.apache.kafka.connect.runtime.isolation.DelegatingClassLoader:109)
[2023-12-27 12:06:36,767] INFO Added alias 'JdbcSource' to plugin 'io.confluent.connect.jdbc.JdbcSourceConnector' (org.apache.kafka.connect.runtime.isolation.DelegatingClassLoader:109)
[2023-12-27 12:06:36,768] INFO Added alias 'LongConverter' to plugin 'org.apache.kafka.connect.converters.LongConverter' (org.apache.kafka.connect.runtime.isolation.DelegatingClassLoader:109)
[2023-12-27 12:06:36,769] INFO Added alias 'DropHeaders' to plugin 'org.apache.kafka.connect.transforms.DropHeaders' (org.apache.kafka.connect.runtime.isolation.DelegatingClassLoader:109)
[2023-12-27 12:06:36,769] INFO Added alias 'SimpleHeaderConverter' to plugin 'org.apache.kafka.connect.storage.SimpleHeaderConverter' (org.apache.kafka.connect.runtime.isolation.DelegatingClassLoader:109)
[2023-12-27 12:06:36,769] INFO Added alias 'DirectoryConfigProvider' to plugin 'org.apache.kafka.common.config.provider.DirectoryConfigProvider' (org.apache.kafka.connect.runtime.isolation.DelegatingClassLoader:109)
[2023-12-27 12:06:36,769] INFO Added alias 'ShortConverter' to plugin 'org.apache.kafka.connect.converters.ShortConverter' (org.apache.kafka.connect.runtime.isolation.DelegatingClassLoader:109)
[2023-12-27 12:06:36,769] INFO Added alias 'BasicAuthSecurityRestExtension' to plugin 'org.apache.kafka.connect.rest.basic.auth.extension.BasicAuthSecurityRestExtension' (org.apache.kafka.connect.runtime.isolation.DelegatingClassLoader:109)
[2023-12-27 12:06:36,769] INFO Added alias 'Simple' to plugin 'org.apache.kafka.connect.storage.SimpleHeaderConverter' (org.apache.kafka.connect.runtime.isolation.DelegatingClassLoader:109)
[2023-12-27 12:06:36,770] INFO Added alias 'AllConnectorClientConfigOverridePolicy' to plugin 'org.apache.kafka.connect.connector.policy.AllConnectorClientConfigOverridePolicy' (org.apache.kafka.connect.runtime.isolation.DelegatingClassLoader:109)
[2023-12-27 12:06:36,777] INFO Added alias 'MirrorSource' to plugin 'org.apache.kafka.connect.mirror.MirrorSourceConnector' (org.apache.kafka.connect.runtime.isolation.DelegatingClassLoader:109)
[2023-12-27 12:06:36,777] INFO Added alias 'Directory' to plugin 'org.apache.kafka.common.config.provider.DirectoryConfigProvider' (org.apache.kafka.connect.runtime.isolation.DelegatingClassLoader:109)
[2023-12-27 12:06:36,777] INFO Added alias 'MirrorHeartbeat' to plugin 'org.apache.kafka.connect.mirror.MirrorHeartbeatConnector' (org.apache.kafka.connect.runtime.isolation.DelegatingClassLoader:109)
[2023-12-27 12:06:36,777] INFO Added alias 'HasHeaderKey' to plugin 'org.apache.kafka.connect.transforms.predicates.HasHeaderKey' (org.apache.kafka.connect.runtime.isolation.DelegatingClassLoader:109)
[2023-12-27 12:06:36,778] INFO Added alias 'MirrorCheckpoint' to plugin 'org.apache.kafka.connect.mirror.MirrorCheckpointConnector' (org.apache.kafka.connect.runtime.isolation.DelegatingClassLoader:109)
[2023-12-27 12:06:36,778] INFO Added alias 'None' to plugin 'org.apache.kafka.connect.connector.policy.NoneConnectorClientConfigOverridePolicy' (org.apache.kafka.connect.runtime.isolation.DelegatingClassLoader:109)
[2023-12-27 12:06:36,779] INFO Added alias 'TimestampRouter' to plugin 'org.apache.kafka.connect.transforms.TimestampRouter' (org.apache.kafka.connect.runtime.isolation.DelegatingClassLoader:109)
[2023-12-27 12:06:36,779] INFO Added alias 'Principal' to plugin 'org.apache.kafka.connect.connector.policy.PrincipalConnectorClientConfigOverridePolicy' (org.apache.kafka.connect.runtime.isolation.DelegatingClassLoader:109)
[2023-12-27 12:06:36,779] INFO Added alias 'All' to plugin 'org.apache.kafka.connect.connector.policy.AllConnectorClientConfigOverridePolicy' (org.apache.kafka.connect.runtime.isolation.DelegatingClassLoader:109)
[2023-12-27 12:06:36,779] INFO Added alias 'JsonConverter' to plugin 'org.apache.kafka.connect.json.JsonConverter' (org.apache.kafka.connect.runtime.isolation.DelegatingClassLoader:109)
[2023-12-27 12:06:36,779] INFO Added alias 'JdbcSinkConnector' to plugin 'io.confluent.connect.jdbc.JdbcSinkConnector' (org.apache.kafka.connect.runtime.isolation.DelegatingClassLoader:109)
[2023-12-27 12:06:36,779] INFO Added alias 'JdbcSink' to plugin 'io.confluent.connect.jdbc.JdbcSinkConnector' (org.apache.kafka.connect.runtime.isolation.DelegatingClassLoader:109)
[2023-12-27 12:06:36,779] INFO Added alias 'RegexRouter' to plugin 'org.apache.kafka.connect.transforms.RegexRouter' (org.apache.kafka.connect.runtime.isolation.DelegatingClassLoader:109)
[2023-12-27 12:06:36,780] INFO Added alias 'ByteArray' to plugin 'org.apache.kafka.connect.converters.ByteArrayConverter' (org.apache.kafka.connect.runtime.isolation.DelegatingClassLoader:109)
[2023-12-27 12:06:36,780] INFO Added alias 'JdbcSourceConnector' to plugin 'io.confluent.connect.jdbc.JdbcSourceConnector' (org.apache.kafka.connect.runtime.isolation.DelegatingClassLoader:109)
[2023-12-27 12:06:36,780] INFO Added alias 'NoneConnectorClientConfigOverridePolicy' to plugin 'org.apache.kafka.connect.connector.policy.NoneConnectorClientConfigOverridePolicy' (org.apache.kafka.connect.runtime.isolation.DelegatingClassLoader:109)
[2023-12-27 12:06:36,780] INFO Added alias 'Short' to plugin 'org.apache.kafka.connect.converters.ShortConverter' (org.apache.kafka.connect.runtime.isolation.DelegatingClassLoader:109)
[2023-12-27 12:06:36,781] INFO Added alias 'Double' to plugin 'org.apache.kafka.connect.converters.DoubleConverter' (org.apache.kafka.connect.runtime.isolation.DelegatingClassLoader:109)
[2023-12-27 12:06:36,781] INFO Added alias 'FileConfigProvider' to plugin 'org.apache.kafka.common.config.provider.FileConfigProvider' (org.apache.kafka.connect.runtime.isolation.DelegatingClassLoader:109)
[2023-12-27 12:06:36,781] INFO Added alias 'Long' to plugin 'org.apache.kafka.connect.converters.LongConverter' (org.apache.kafka.connect.runtime.isolation.DelegatingClassLoader:109)
[2023-12-27 12:06:36,781] INFO Added alias 'File' to plugin 'org.apache.kafka.common.config.provider.FileConfigProvider' (org.apache.kafka.connect.runtime.isolation.DelegatingClassLoader:109)
[2023-12-27 12:06:36,781] INFO Added alias 'FloatConverter' to plugin 'org.apache.kafka.connect.converters.FloatConverter' (org.apache.kafka.connect.runtime.isolation.DelegatingClassLoader:109)
[2023-12-27 12:06:36,782] INFO Added alias 'ByteArrayConverter' to plugin 'org.apache.kafka.connect.converters.ByteArrayConverter' (org.apache.kafka.connect.runtime.isolation.DelegatingClassLoader:109)
[2023-12-27 12:06:36,782] INFO Added alias 'DoubleConverter' to plugin 'org.apache.kafka.connect.converters.DoubleConverter' (org.apache.kafka.connect.runtime.isolation.DelegatingClassLoader:109)
[2023-12-27 12:06:36,782] INFO Added alias 'TopicNameMatches' to plugin 'org.apache.kafka.connect.transforms.predicates.TopicNameMatches' (org.apache.kafka.connect.runtime.isolation.DelegatingClassLoader:109)
[2023-12-27 12:06:36,782] INFO Added alias 'MirrorHeartbeatConnector' to plugin 'org.apache.kafka.connect.mirror.MirrorHeartbeatConnector' (org.apache.kafka.connect.runtime.isolation.DelegatingClassLoader:109)
[2023-12-27 12:06:36,782] INFO Added alias 'InsertHeader' to plugin 'org.apache.kafka.connect.transforms.InsertHeader' (org.apache.kafka.connect.runtime.isolation.DelegatingClassLoader:109)
[2023-12-27 12:06:36,783] INFO Added alias 'MirrorSourceConnector' to plugin 'org.apache.kafka.connect.mirror.MirrorSourceConnector' (org.apache.kafka.connect.runtime.isolation.DelegatingClassLoader:109)
[2023-12-27 12:06:36,783] INFO Added alias 'PrincipalConnectorClientConfigOverridePolicy' to plugin 'org.apache.kafka.connect.connector.policy.PrincipalConnectorClientConfigOverridePolicy' (org.apache.kafka.connect.runtime.isolation.DelegatingClassLoader:109)
[2023-12-27 12:06:36,783] INFO Added alias 'ValueToKey' to plugin 'org.apache.kafka.connect.transforms.ValueToKey' (org.apache.kafka.connect.runtime.isolation.DelegatingClassLoader:109)
[2023-12-27 12:06:36,783] INFO Added alias 'Integer' to plugin 'org.apache.kafka.connect.converters.IntegerConverter' (org.apache.kafka.connect.runtime.isolation.DelegatingClassLoader:109)
[2023-12-27 12:06:36,784] INFO Added alias 'Filter' to plugin 'org.apache.kafka.connect.transforms.Filter' (org.apache.kafka.connect.runtime.isolation.DelegatingClassLoader:109)
[2023-12-27 12:06:36,814] INFO StandaloneConfig values: 
	access.control.allow.methods = 
	access.control.allow.origin = 
	admin.listeners = null
	auto.include.jmx.reporter = true
	bootstrap.servers = [localhost:9092]
	client.dns.lookup = use_all_dns_ips
	config.providers = []
	connector.client.config.override.policy = All
	header.converter = class org.apache.kafka.connect.storage.SimpleHeaderConverter
	key.converter = class org.apache.kafka.connect.json.JsonConverter
	listeners = [http://:8083]
	metric.reporters = []
	metrics.num.samples = 2
	metrics.recording.level = INFO
	metrics.sample.window.ms = 30000
	offset.flush.interval.ms = 60000
	offset.flush.timeout.ms = 5000
	offset.storage.file.filename = /tmp/connect.offsets
	plugin.discovery = hybrid_warn
	plugin.path = [/home/ondrasz/kafka/jdbc/confluentinc-kafka-connect-jdbc-10.7.4]
	response.http.headers.config = 
	rest.advertised.host.name = null
	rest.advertised.listener = null
	rest.advertised.port = null
	rest.extension.classes = []
	ssl.cipher.suites = null
	ssl.client.auth = none
	ssl.enabled.protocols = [TLSv1.2, TLSv1.3]
	ssl.endpoint.identification.algorithm = https
	ssl.engine.factory.class = null
	ssl.key.password = null
	ssl.keymanager.algorithm = SunX509
	ssl.keystore.certificate.chain = null
	ssl.keystore.key = null
	ssl.keystore.location = null
	ssl.keystore.password = null
	ssl.keystore.type = JKS
	ssl.protocol = TLSv1.3
	ssl.provider = null
	ssl.secure.random.implementation = null
	ssl.trustmanager.algorithm = PKIX
	ssl.truststore.certificates = null
	ssl.truststore.location = null
	ssl.truststore.password = null
	ssl.truststore.type = JKS
	task.shutdown.graceful.timeout.ms = 5000
	topic.creation.enable = true
	topic.tracking.allow.reset = true
	topic.tracking.enable = true
	value.converter = class org.apache.kafka.connect.json.JsonConverter
 (org.apache.kafka.connect.runtime.standalone.StandaloneConfig:370)
[2023-12-27 12:06:36,817] INFO Creating Kafka admin client (org.apache.kafka.connect.runtime.WorkerConfig:283)
[2023-12-27 12:06:36,833] INFO AdminClientConfig values: 
	auto.include.jmx.reporter = true
	bootstrap.servers = [localhost:9092]
	client.dns.lookup = use_all_dns_ips
	client.id = 
	connections.max.idle.ms = 300000
	default.api.timeout.ms = 60000
	metadata.max.age.ms = 300000
	metric.reporters = []
	metrics.num.samples = 2
	metrics.recording.level = INFO
	metrics.sample.window.ms = 30000
	receive.buffer.bytes = 65536
	reconnect.backoff.max.ms = 1000
	reconnect.backoff.ms = 50
	request.timeout.ms = 30000
	retries = 2147483647
	retry.backoff.ms = 100
	sasl.client.callback.handler.class = null
	sasl.jaas.config = null
	sasl.kerberos.kinit.cmd = /usr/bin/kinit
	sasl.kerberos.min.time.before.relogin = 60000
	sasl.kerberos.service.name = null
	sasl.kerberos.ticket.renew.jitter = 0.05
	sasl.kerberos.ticket.renew.window.factor = 0.8
	sasl.login.callback.handler.class = null
	sasl.login.class = null
	sasl.login.connect.timeout.ms = null
	sasl.login.read.timeout.ms = null
	sasl.login.refresh.buffer.seconds = 300
	sasl.login.refresh.min.period.seconds = 60
	sasl.login.refresh.window.factor = 0.8
	sasl.login.refresh.window.jitter = 0.05
	sasl.login.retry.backoff.max.ms = 10000
	sasl.login.retry.backoff.ms = 100
	sasl.mechanism = GSSAPI
	sasl.oauthbearer.clock.skew.seconds = 30
	sasl.oauthbearer.expected.audience = null
	sasl.oauthbearer.expected.issuer = null
	sasl.oauthbearer.jwks.endpoint.refresh.ms = 3600000
	sasl.oauthbearer.jwks.endpoint.retry.backoff.max.ms = 10000
	sasl.oauthbearer.jwks.endpoint.retry.backoff.ms = 100
	sasl.oauthbearer.jwks.endpoint.url = null
	sasl.oauthbearer.scope.claim.name = scope
	sasl.oauthbearer.sub.claim.name = sub
	sasl.oauthbearer.token.endpoint.url = null
	security.protocol = PLAINTEXT
	security.providers = null
	send.buffer.bytes = 131072
	socket.connection.setup.timeout.max.ms = 30000
	socket.connection.setup.timeout.ms = 10000
	ssl.cipher.suites = null
	ssl.enabled.protocols = [TLSv1.2, TLSv1.3]
	ssl.endpoint.identification.algorithm = https
	ssl.engine.factory.class = null
	ssl.key.password = null
	ssl.keymanager.algorithm = SunX509
	ssl.keystore.certificate.chain = null
	ssl.keystore.key = null
	ssl.keystore.location = null
	ssl.keystore.password = null
	ssl.keystore.type = JKS
	ssl.protocol = TLSv1.3
	ssl.provider = null
	ssl.secure.random.implementation = null
	ssl.trustmanager.algorithm = PKIX
	ssl.truststore.certificates = null
	ssl.truststore.location = null
	ssl.truststore.password = null
	ssl.truststore.type = JKS
 (org.apache.kafka.clients.admin.AdminClientConfig:370)
[2023-12-27 12:06:37,034] INFO These configurations '[key.converter.schemas.enable, offset.storage.file.filename, value.converter.schemas.enable, plugin.path, value.converter, key.converter]' were supplied but are not used yet. (org.apache.kafka.clients.admin.AdminClientConfig:379)
[2023-12-27 12:06:37,035] INFO Kafka version: 3.6.0 (org.apache.kafka.common.utils.AppInfoParser:119)
[2023-12-27 12:06:37,036] INFO Kafka commitId: 60e845626d8a465a (org.apache.kafka.common.utils.AppInfoParser:120)
[2023-12-27 12:06:37,037] INFO Kafka startTimeMs: 1703678797034 (org.apache.kafka.common.utils.AppInfoParser:121)
[2023-12-27 12:06:38,138] INFO Kafka cluster ID: 2SzJ1KC_RuKP0OLyJoDY9w (org.apache.kafka.connect.runtime.WorkerConfig:300)
[2023-12-27 12:06:38,142] INFO App info kafka.admin.client for adminclient-1 unregistered (org.apache.kafka.common.utils.AppInfoParser:83)
[2023-12-27 12:06:38,167] INFO Metrics scheduler closed (org.apache.kafka.common.metrics.Metrics:693)
[2023-12-27 12:06:38,169] INFO Closing reporter org.apache.kafka.common.metrics.JmxReporter (org.apache.kafka.common.metrics.Metrics:697)
[2023-12-27 12:06:38,171] INFO Metrics reporters closed (org.apache.kafka.common.metrics.Metrics:703)
[2023-12-27 12:06:38,186] INFO PublicConfig values: 
	access.control.allow.methods = 
	access.control.allow.origin = 
	admin.listeners = null
	listeners = [http://:8083]
	response.http.headers.config = 
	rest.advertised.host.name = null
	rest.advertised.listener = null
	rest.advertised.port = null
	rest.extension.classes = []
	ssl.cipher.suites = null
	ssl.client.auth = none
	ssl.enabled.protocols = [TLSv1.2, TLSv1.3]
	ssl.endpoint.identification.algorithm = https
	ssl.engine.factory.class = null
	ssl.key.password = null
	ssl.keymanager.algorithm = SunX509
	ssl.keystore.certificate.chain = null
	ssl.keystore.key = null
	ssl.keystore.location = null
	ssl.keystore.password = null
	ssl.keystore.type = JKS
	ssl.protocol = TLSv1.3
	ssl.provider = null
	ssl.secure.random.implementation = null
	ssl.trustmanager.algorithm = PKIX
	ssl.truststore.certificates = null
	ssl.truststore.location = null
	ssl.truststore.password = null
	ssl.truststore.type = JKS
	topic.tracking.allow.reset = true
	topic.tracking.enable = true
 (org.apache.kafka.connect.runtime.rest.RestServerConfig$PublicConfig:370)
[2023-12-27 12:06:38,215] INFO Logging initialized @14502ms to org.eclipse.jetty.util.log.Slf4jLog (org.eclipse.jetty.util.log:170)
[2023-12-27 12:06:38,425] INFO Added connector for http://:8083 (org.apache.kafka.connect.runtime.rest.RestServer:111)
[2023-12-27 12:06:38,427] INFO Initializing REST server (org.apache.kafka.connect.runtime.rest.RestServer:182)
[2023-12-27 12:06:38,558] INFO jetty-9.4.52.v20230823; built: 2023-08-23T19:29:37.669Z; git: abdcda73818a1a2c705da276edb0bf6581e7997e; jvm 11.0.21+9-post-Ubuntu-0ubuntu120.04 (org.eclipse.jetty.server.Server:375)
[2023-12-27 12:06:38,645] INFO Started http_8083@7f82a71f{HTTP/1.1, (http/1.1)}{0.0.0.0:8083} (org.eclipse.jetty.server.AbstractConnector:333)
[2023-12-27 12:06:38,645] INFO Started @14931ms (org.eclipse.jetty.server.Server:415)
[2023-12-27 12:06:38,834] INFO Advertised URI: http://10.0.0.4:8083/ (org.apache.kafka.connect.runtime.rest.RestServer:394)
[2023-12-27 12:06:38,834] INFO REST server listening at http://10.0.0.4:8083/, advertising URL http://10.0.0.4:8083/ (org.apache.kafka.connect.runtime.rest.RestServer:202)
[2023-12-27 12:06:38,836] INFO Advertised URI: http://10.0.0.4:8083/ (org.apache.kafka.connect.runtime.rest.RestServer:394)
[2023-12-27 12:06:38,836] INFO REST admin endpoints at http://10.0.0.4:8083/ (org.apache.kafka.connect.runtime.rest.RestServer:205)
[2023-12-27 12:06:38,840] INFO Advertised URI: http://10.0.0.4:8083/ (org.apache.kafka.connect.runtime.rest.RestServer:394)
[2023-12-27 12:06:38,842] INFO Setting up All Policy for ConnectorClientConfigOverride. This will allow all client configurations to be overridden (org.apache.kafka.connect.connector.policy.AllConnectorClientConfigOverridePolicy:44)
[2023-12-27 12:06:38,853] INFO JsonConverterConfig values: 
	converter.type = key
	decimal.format = BASE64
	replace.null.with.default = true
	schemas.cache.size = 1000
	schemas.enable = false
 (org.apache.kafka.connect.json.JsonConverterConfig:370)
[2023-12-27 12:06:39,228] INFO Kafka version: 3.6.0 (org.apache.kafka.common.utils.AppInfoParser:119)
[2023-12-27 12:06:39,228] INFO Kafka commitId: 60e845626d8a465a (org.apache.kafka.common.utils.AppInfoParser:120)
[2023-12-27 12:06:39,229] INFO Kafka startTimeMs: 1703678799228 (org.apache.kafka.common.utils.AppInfoParser:121)
[2023-12-27 12:06:39,248] INFO JsonConverterConfig values: 
	converter.type = key
	decimal.format = BASE64
	replace.null.with.default = true
	schemas.cache.size = 1000
	schemas.enable = false
 (org.apache.kafka.connect.json.JsonConverterConfig:370)
[2023-12-27 12:06:39,250] INFO JsonConverterConfig values: 
	converter.type = value
	decimal.format = BASE64
	replace.null.with.default = true
	schemas.cache.size = 1000
	schemas.enable = false
 (org.apache.kafka.connect.json.JsonConverterConfig:370)
[2023-12-27 12:06:39,267] INFO Kafka Connect worker initialization took 14333ms (org.apache.kafka.connect.cli.AbstractConnectCli:141)
[2023-12-27 12:06:39,267] INFO Kafka Connect starting (org.apache.kafka.connect.runtime.Connect:51)
[2023-12-27 12:06:39,271] INFO Herder starting (org.apache.kafka.connect.runtime.standalone.StandaloneHerder:103)
[2023-12-27 12:06:39,271] INFO Worker starting (org.apache.kafka.connect.runtime.Worker:230)
[2023-12-27 12:06:39,272] INFO Starting FileOffsetBackingStore with file /tmp/connect.offsets (org.apache.kafka.connect.storage.FileOffsetBackingStore:63)
[2023-12-27 12:06:39,343] INFO Worker started (org.apache.kafka.connect.runtime.Worker:240)
[2023-12-27 12:06:39,344] INFO Herder started (org.apache.kafka.connect.runtime.standalone.StandaloneHerder:106)
[2023-12-27 12:06:39,344] INFO Initializing REST resources (org.apache.kafka.connect.runtime.rest.RestServer:209)
[2023-12-27 12:06:39,462] INFO Adding admin resources to main listener (org.apache.kafka.connect.runtime.rest.RestServer:227)
[2023-12-27 12:06:39,677] INFO DefaultSessionIdManager workerName=node0 (org.eclipse.jetty.server.session:334)
[2023-12-27 12:06:39,677] INFO No SessionScavenger set, using defaults (org.eclipse.jetty.server.session:339)
[2023-12-27 12:06:39,678] INFO node0 Scavenging every 660000ms (org.eclipse.jetty.server.session:132)
[2023-12-27 12:06:40,914] INFO Started o.e.j.s.ServletContextHandler@6fa5fc67{/,null,AVAILABLE} (org.eclipse.jetty.server.handler.ContextHandler:921)
[2023-12-27 12:06:40,914] INFO REST resources initialized; server is started and ready to handle requests (org.apache.kafka.connect.runtime.rest.RestServer:302)
[2023-12-27 12:06:40,915] INFO Kafka Connect started (org.apache.kafka.connect.runtime.Connect:57)
[2023-12-27 12:06:41,009] INFO AbstractConfig values: 
 (org.apache.kafka.common.config.AbstractConfig:370)
[2023-12-27 12:06:41,050] INFO [jdbc-source-connector|worker] Creating connector jdbc-source-connector of type io.confluent.connect.jdbc.JdbcSourceConnector (org.apache.kafka.connect.runtime.Worker:308)
[2023-12-27 12:06:41,052] INFO [jdbc-source-connector|worker] SourceConnectorConfig values: 
	config.action.reload = restart
	connector.class = io.confluent.connect.jdbc.JdbcSourceConnector
	errors.log.enable = false
	errors.log.include.messages = false
	errors.retry.delay.max.ms = 60000
	errors.retry.timeout = 0
	errors.tolerance = none
	exactly.once.support = requested
	header.converter = null
	key.converter = null
	name = jdbc-source-connector
	offsets.storage.topic = null
	predicates = []
	tasks.max = 1
	topic.creation.groups = []
	transaction.boundary = poll
	transaction.boundary.interval.ms = null
	transforms = []
	value.converter = null
 (org.apache.kafka.connect.runtime.SourceConnectorConfig:370)
[2023-12-27 12:06:41,054] INFO [jdbc-source-connector|worker] EnrichedConnectorConfig values: 
	config.action.reload = restart
	connector.class = io.confluent.connect.jdbc.JdbcSourceConnector
	errors.log.enable = false
	errors.log.include.messages = false
	errors.retry.delay.max.ms = 60000
	errors.retry.timeout = 0
	errors.tolerance = none
	exactly.once.support = requested
	header.converter = null
	key.converter = null
	name = jdbc-source-connector
	offsets.storage.topic = null
	predicates = []
	tasks.max = 1
	topic.creation.groups = []
	transaction.boundary = poll
	transaction.boundary.interval.ms = null
	transforms = []
	value.converter = null
 (org.apache.kafka.connect.runtime.ConnectorConfig$EnrichedConnectorConfig:370)
[2023-12-27 12:06:41,064] INFO [jdbc-source-connector|worker] Instantiated connector jdbc-source-connector with version 10.3.0 of type class io.confluent.connect.jdbc.JdbcSourceConnector (org.apache.kafka.connect.runtime.Worker:330)
[2023-12-27 12:06:41,065] INFO [jdbc-source-connector|worker] Finished creating connector jdbc-source-connector (org.apache.kafka.connect.runtime.Worker:351)
[2023-12-27 12:06:41,067] INFO [jdbc-source-connector|worker] Starting JDBC Source Connector (io.confluent.connect.jdbc.JdbcSourceConnector:69)
[2023-12-27 12:06:41,068] INFO [jdbc-source-connector|worker] JdbcSourceConnectorConfig values: 
	batch.max.rows = 100
	catalog.pattern = null
	connection.attempts = 3
	connection.backoff.ms = 10000
	connection.password = [hidden]
	connection.url = jdbc:sqlserver://pis.database.windows.net:1433;database=Main
	connection.user = ondrasz
	db.timezone = UTC
	dialect.name = 
	incrementing.column.name = ID
	mode = incrementing
	numeric.mapping = null
	numeric.precision.mapping = false
	poll.interval.ms = 5000
	query = 
	query.suffix = 
	quote.sql.identifiers = ALWAYS
	schema.pattern = null
	table.blacklist = []
	table.poll.interval.ms = 60000
	table.types = [TABLE]
	table.whitelist = [mining_data]
	timestamp.column.name = []
	timestamp.delay.interval.ms = 0
	timestamp.granularity = connect_logical
	timestamp.initial = null
	topic.prefix = logs
	validate.non.null = true
 (io.confluent.connect.jdbc.source.JdbcSourceConnectorConfig:370)
[2023-12-27 12:06:41,078] INFO [jdbc-source-connector|worker] Attempting to open connection #1 to SqlServer (io.confluent.connect.jdbc.util.CachedConnectionProvider:79)
[2023-12-27 12:06:41,855] INFO SourceConnectorConfig values: 
	config.action.reload = restart
	connector.class = io.confluent.connect.jdbc.JdbcSourceConnector
	errors.log.enable = false
	errors.log.include.messages = false
	errors.retry.delay.max.ms = 60000
	errors.retry.timeout = 0
	errors.tolerance = none
	exactly.once.support = requested
	header.converter = null
	key.converter = null
	name = jdbc-source-connector
	offsets.storage.topic = null
	predicates = []
	tasks.max = 1
	topic.creation.groups = []
	transaction.boundary = poll
	transaction.boundary.interval.ms = null
	transforms = []
	value.converter = null
 (org.apache.kafka.connect.runtime.SourceConnectorConfig:370)
[2023-12-27 12:06:41,858] INFO EnrichedConnectorConfig values: 
	config.action.reload = restart
	connector.class = io.confluent.connect.jdbc.JdbcSourceConnector
	errors.log.enable = false
	errors.log.include.messages = false
	errors.retry.delay.max.ms = 60000
	errors.retry.timeout = 0
	errors.tolerance = none
	exactly.once.support = requested
	header.converter = null
	key.converter = null
	name = jdbc-source-connector
	offsets.storage.topic = null
	predicates = []
	tasks.max = 1
	topic.creation.groups = []
	transaction.boundary = poll
	transaction.boundary.interval.ms = null
	transforms = []
	value.converter = null
 (org.apache.kafka.connect.runtime.ConnectorConfig$EnrichedConnectorConfig:370)
[2023-12-27 12:06:41,860] INFO [jdbc-source-connector|worker] Starting thread to monitor tables. (io.confluent.connect.jdbc.source.TableMonitorThread:73)
[2023-12-27 12:06:41,862] INFO [jdbc-source-connector|worker] No tasks will be run because the connector has not been able to read the list of tables from the database yet (io.confluent.connect.jdbc.JdbcSourceConnector:152)
[2023-12-27 12:06:41,863] INFO Created connector jdbc-source-connector (org.apache.kafka.connect.cli.ConnectStandalone:76)
[2023-12-27 12:06:42,180] INFO [jdbc-source-connector|worker] SourceConnectorConfig values: 
	config.action.reload = restart
	connector.class = io.confluent.connect.jdbc.JdbcSourceConnector
	errors.log.enable = false
	errors.log.include.messages = false
	errors.retry.delay.max.ms = 60000
	errors.retry.timeout = 0
	errors.tolerance = none
	exactly.once.support = requested
	header.converter = null
	key.converter = null
	name = jdbc-source-connector
	offsets.storage.topic = null
	predicates = []
	tasks.max = 1
	topic.creation.groups = []
	transaction.boundary = poll
	transaction.boundary.interval.ms = null
	transforms = []
	value.converter = null
 (org.apache.kafka.connect.runtime.SourceConnectorConfig:370)
[2023-12-27 12:06:42,184] INFO [jdbc-source-connector|worker] EnrichedConnectorConfig values: 
	config.action.reload = restart
	connector.class = io.confluent.connect.jdbc.JdbcSourceConnector
	errors.log.enable = false
	errors.log.include.messages = false
	errors.retry.delay.max.ms = 60000
	errors.retry.timeout = 0
	errors.tolerance = none
	exactly.once.support = requested
	header.converter = null
	key.converter = null
	name = jdbc-source-connector
	offsets.storage.topic = null
	predicates = []
	tasks.max = 1
	topic.creation.groups = []
	transaction.boundary = poll
	transaction.boundary.interval.ms = null
	transforms = []
	value.converter = null
 (org.apache.kafka.connect.runtime.ConnectorConfig$EnrichedConnectorConfig:370)
[2023-12-27 12:06:42,191] INFO [jdbc-source-connector|task-0] Creating task jdbc-source-connector-0 (org.apache.kafka.connect.runtime.Worker:611)
[2023-12-27 12:06:42,204] INFO [jdbc-source-connector|task-0] ConnectorConfig values: 
	config.action.reload = restart
	connector.class = io.confluent.connect.jdbc.JdbcSourceConnector
	errors.log.enable = false
	errors.log.include.messages = false
	errors.retry.delay.max.ms = 60000
	errors.retry.timeout = 0
	errors.tolerance = none
	header.converter = null
	key.converter = null
	name = jdbc-source-connector
	predicates = []
	tasks.max = 1
	transforms = []
	value.converter = null
 (org.apache.kafka.connect.runtime.ConnectorConfig:370)
[2023-12-27 12:06:42,206] INFO [jdbc-source-connector|task-0] EnrichedConnectorConfig values: 
	config.action.reload = restart
	connector.class = io.confluent.connect.jdbc.JdbcSourceConnector
	errors.log.enable = false
	errors.log.include.messages = false
	errors.retry.delay.max.ms = 60000
	errors.retry.timeout = 0
	errors.tolerance = none
	header.converter = null
	key.converter = null
	name = jdbc-source-connector
	predicates = []
	tasks.max = 1
	transforms = []
	value.converter = null
 (org.apache.kafka.connect.runtime.ConnectorConfig$EnrichedConnectorConfig:370)
[2023-12-27 12:06:42,213] INFO [jdbc-source-connector|task-0] TaskConfig values: 
	task.class = class io.confluent.connect.jdbc.source.JdbcSourceTask
 (org.apache.kafka.connect.runtime.TaskConfig:370)
[2023-12-27 12:06:42,218] INFO [jdbc-source-connector|task-0] Instantiated task jdbc-source-connector-0 with version 10.3.0 of type io.confluent.connect.jdbc.source.JdbcSourceTask (org.apache.kafka.connect.runtime.Worker:625)
[2023-12-27 12:06:42,220] INFO [jdbc-source-connector|task-0] JsonConverterConfig values: 
	converter.type = key
	decimal.format = BASE64
	replace.null.with.default = true
	schemas.cache.size = 1000
	schemas.enable = false
 (org.apache.kafka.connect.json.JsonConverterConfig:370)
[2023-12-27 12:06:42,222] INFO [jdbc-source-connector|task-0] Set up the key converter class org.apache.kafka.connect.json.JsonConverter for task jdbc-source-connector-0 using the worker config (org.apache.kafka.connect.runtime.Worker:638)
[2023-12-27 12:06:42,223] INFO [jdbc-source-connector|task-0] JsonConverterConfig values: 
	converter.type = value
	decimal.format = BASE64
	replace.null.with.default = true
	schemas.cache.size = 1000
	schemas.enable = false
 (org.apache.kafka.connect.json.JsonConverterConfig:370)
[2023-12-27 12:06:42,224] INFO [jdbc-source-connector|task-0] Set up the value converter class org.apache.kafka.connect.json.JsonConverter for task jdbc-source-connector-0 using the worker config (org.apache.kafka.connect.runtime.Worker:644)
[2023-12-27 12:06:42,225] INFO [jdbc-source-connector|task-0] Set up the header converter class org.apache.kafka.connect.storage.SimpleHeaderConverter for task jdbc-source-connector-0 using the worker config (org.apache.kafka.connect.runtime.Worker:651)
[2023-12-27 12:06:42,234] INFO [jdbc-source-connector|task-0] SourceConnectorConfig values: 
	config.action.reload = restart
	connector.class = io.confluent.connect.jdbc.JdbcSourceConnector
	errors.log.enable = false
	errors.log.include.messages = false
	errors.retry.delay.max.ms = 60000
	errors.retry.timeout = 0
	errors.tolerance = none
	exactly.once.support = requested
	header.converter = null
	key.converter = null
	name = jdbc-source-connector
	offsets.storage.topic = null
	predicates = []
	tasks.max = 1
	topic.creation.groups = []
	transaction.boundary = poll
	transaction.boundary.interval.ms = null
	transforms = []
	value.converter = null
 (org.apache.kafka.connect.runtime.SourceConnectorConfig:370)
[2023-12-27 12:06:42,242] INFO [jdbc-source-connector|task-0] EnrichedConnectorConfig values: 
	config.action.reload = restart
	connector.class = io.confluent.connect.jdbc.JdbcSourceConnector
	errors.log.enable = false
	errors.log.include.messages = false
	errors.retry.delay.max.ms = 60000
	errors.retry.timeout = 0
	errors.tolerance = none
	exactly.once.support = requested
	header.converter = null
	key.converter = null
	name = jdbc-source-connector
	offsets.storage.topic = null
	predicates = []
	tasks.max = 1
	topic.creation.groups = []
	transaction.boundary = poll
	transaction.boundary.interval.ms = null
	transforms = []
	value.converter = null
 (org.apache.kafka.connect.runtime.ConnectorConfig$EnrichedConnectorConfig:370)
[2023-12-27 12:06:42,244] INFO [jdbc-source-connector|task-0] Initializing: org.apache.kafka.connect.runtime.TransformationChain{} (org.apache.kafka.connect.runtime.Worker:1841)
[2023-12-27 12:06:42,252] INFO [jdbc-source-connector|task-0] ProducerConfig values: 
	acks = -1
	auto.include.jmx.reporter = true
	batch.size = 16384
	bootstrap.servers = [localhost:9092]
	buffer.memory = 33554432
	client.dns.lookup = use_all_dns_ips
	client.id = connector-producer-jdbc-source-connector-0
	compression.type = none
	connections.max.idle.ms = 540000
	delivery.timeout.ms = 2147483647
	enable.idempotence = false
	interceptor.classes = []
	key.serializer = class org.apache.kafka.common.serialization.ByteArraySerializer
	linger.ms = 0
	max.block.ms = 9223372036854775807
	max.in.flight.requests.per.connection = 1
	max.request.size = 1048576
	metadata.max.age.ms = 300000
	metadata.max.idle.ms = 300000
	metric.reporters = []
	metrics.num.samples = 2
	metrics.recording.level = INFO
	metrics.sample.window.ms = 30000
	partitioner.adaptive.partitioning.enable = true
	partitioner.availability.timeout.ms = 0
	partitioner.class = null
	partitioner.ignore.keys = false
	receive.buffer.bytes = 32768
	reconnect.backoff.max.ms = 1000
	reconnect.backoff.ms = 50
	request.timeout.ms = 30000
	retries = 2147483647
	retry.backoff.ms = 100
	sasl.client.callback.handler.class = null
	sasl.jaas.config = null
	sasl.kerberos.kinit.cmd = /usr/bin/kinit
	sasl.kerberos.min.time.before.relogin = 60000
	sasl.kerberos.service.name = null
	sasl.kerberos.ticket.renew.jitter = 0.05
	sasl.kerberos.ticket.renew.window.factor = 0.8
	sasl.login.callback.handler.class = null
	sasl.login.class = null
	sasl.login.connect.timeout.ms = null
	sasl.login.read.timeout.ms = null
	sasl.login.refresh.buffer.seconds = 300
	sasl.login.refresh.min.period.seconds = 60
	sasl.login.refresh.window.factor = 0.8
	sasl.login.refresh.window.jitter = 0.05
	sasl.login.retry.backoff.max.ms = 10000
	sasl.login.retry.backoff.ms = 100
	sasl.mechanism = GSSAPI
	sasl.oauthbearer.clock.skew.seconds = 30
	sasl.oauthbearer.expected.audience = null
	sasl.oauthbearer.expected.issuer = null
	sasl.oauthbearer.jwks.endpoint.refresh.ms = 3600000
	sasl.oauthbearer.jwks.endpoint.retry.backoff.max.ms = 10000
	sasl.oauthbearer.jwks.endpoint.retry.backoff.ms = 100
	sasl.oauthbearer.jwks.endpoint.url = null
	sasl.oauthbearer.scope.claim.name = scope
	sasl.oauthbearer.sub.claim.name = sub
	sasl.oauthbearer.token.endpoint.url = null
	security.protocol = PLAINTEXT
	security.providers = null
	send.buffer.bytes = 131072
	socket.connection.setup.timeout.max.ms = 30000
	socket.connection.setup.timeout.ms = 10000
	ssl.cipher.suites = null
	ssl.enabled.protocols = [TLSv1.2, TLSv1.3]
	ssl.endpoint.identification.algorithm = https
	ssl.engine.factory.class = null
	ssl.key.password = null
	ssl.keymanager.algorithm = SunX509
	ssl.keystore.certificate.chain = null
	ssl.keystore.key = null
	ssl.keystore.location = null
	ssl.keystore.password = null
	ssl.keystore.type = JKS
	ssl.protocol = TLSv1.3
	ssl.provider = null
	ssl.secure.random.implementation = null
	ssl.trustmanager.algorithm = PKIX
	ssl.truststore.certificates = null
	ssl.truststore.location = null
	ssl.truststore.password = null
	ssl.truststore.type = JKS
	transaction.timeout.ms = 60000
	transactional.id = null
	value.serializer = class org.apache.kafka.common.serialization.ByteArraySerializer
 (org.apache.kafka.clients.producer.ProducerConfig:370)
[2023-12-27 12:06:42,325] INFO [jdbc-source-connector|task-0] These configurations '[metrics.context.connect.kafka.cluster.id]' were supplied but are not used yet. (org.apache.kafka.clients.producer.ProducerConfig:379)
[2023-12-27 12:06:42,325] INFO [jdbc-source-connector|task-0] Kafka version: 3.6.0 (org.apache.kafka.common.utils.AppInfoParser:119)
[2023-12-27 12:06:42,325] INFO [jdbc-source-connector|task-0] Kafka commitId: 60e845626d8a465a (org.apache.kafka.common.utils.AppInfoParser:120)
[2023-12-27 12:06:42,325] INFO [jdbc-source-connector|task-0] Kafka startTimeMs: 1703678802325 (org.apache.kafka.common.utils.AppInfoParser:121)
[2023-12-27 12:06:42,360] INFO [jdbc-source-connector|task-0] [Producer clientId=connector-producer-jdbc-source-connector-0] Cluster ID: 2SzJ1KC_RuKP0OLyJoDY9w (org.apache.kafka.clients.Metadata:287)
[2023-12-27 12:06:42,387] INFO [jdbc-source-connector|task-0] Starting JDBC source task (io.confluent.connect.jdbc.source.JdbcSourceTask:88)
[2023-12-27 12:06:42,388] INFO [jdbc-source-connector|task-0] JdbcSourceTaskConfig values: 
	batch.max.rows = 100
	catalog.pattern = null
	connection.attempts = 3
	connection.backoff.ms = 10000
	connection.password = [hidden]
	connection.url = jdbc:sqlserver://pis.database.windows.net:1433;database=Main
	connection.user = ondrasz
	db.timezone = UTC
	dialect.name = 
	incrementing.column.name = ID
	mode = incrementing
	numeric.mapping = null
	numeric.precision.mapping = false
	poll.interval.ms = 5000
	query = 
	query.suffix = 
	quote.sql.identifiers = ALWAYS
	schema.pattern = null
	table.blacklist = []
	table.poll.interval.ms = 60000
	table.types = [TABLE]
	table.whitelist = [mining_data]
	tables = ["Main"."dbo"."mining_data"]
	timestamp.column.name = []
	timestamp.delay.interval.ms = 0
	timestamp.granularity = connect_logical
	timestamp.initial = null
	topic.prefix = logs
	validate.non.null = true
 (io.confluent.connect.jdbc.source.JdbcSourceTaskConfig:370)
[2023-12-27 12:06:42,390] INFO [jdbc-source-connector|task-0] Using JDBC dialect SqlServer (io.confluent.connect.jdbc.source.JdbcSourceTask:105)
[2023-12-27 12:06:42,522] INFO [jdbc-source-connector|task-0] Attempting to open connection #1 to SqlServer (io.confluent.connect.jdbc.util.CachedConnectionProvider:79)
[2023-12-27 12:06:42,892] INFO [jdbc-source-connector|task-0] Found offset {{table=mining_data}=null, {protocol=1, table=Main.dbo.mining_data}={incrementing=12}} for partition {protocol=1, table=Main.dbo.mining_data} (io.confluent.connect.jdbc.source.JdbcSourceTask:196)
[2023-12-27 12:06:42,898] INFO [jdbc-source-connector|task-0] Started JDBC source task (io.confluent.connect.jdbc.source.JdbcSourceTask:269)
[2023-12-27 12:06:42,899] INFO [jdbc-source-connector|task-0] WorkerSourceTask{id=jdbc-source-connector-0} Source task finished initialization and start (org.apache.kafka.connect.runtime.AbstractWorkerSourceTask:281)
[2023-12-27 12:06:42,904] INFO [jdbc-source-connector|task-0] Begin using SQL query: SELECT * FROM "Main"."dbo"."mining_data" WHERE "Main"."dbo"."mining_data"."ID" > ? ORDER BY "Main"."dbo"."mining_data"."ID" ASC (io.confluent.connect.jdbc.source.TableQuerier:164)
[2023-12-27 12:14:42,388] INFO [jdbc-source-connector|task-0|offsets] WorkerSourceTask{id=jdbc-source-connector-0} Committing offsets for 7 acknowledged messages (org.apache.kafka.connect.runtime.WorkerSourceTask:233)
[2023-12-27 12:15:42,405] INFO [jdbc-source-connector|task-0|offsets] WorkerSourceTask{id=jdbc-source-connector-0} Committing offsets for 7 acknowledged messages (org.apache.kafka.connect.runtime.WorkerSourceTask:233)
[2023-12-27 12:16:08,709] INFO [jdbc-source-connector|task-0] [Producer clientId=connector-producer-jdbc-source-connector-0] Node -1 disconnected. (org.apache.kafka.clients.NetworkClient:977)
[2023-12-27 12:25:02,641] INFO [jdbc-source-connector|task-0] [Producer clientId=connector-producer-jdbc-source-connector-0] Node 0 disconnected. (org.apache.kafka.clients.NetworkClient:977)
[2023-12-27 12:25:02,697] INFO [jdbc-source-connector|task-0] [Producer clientId=connector-producer-jdbc-source-connector-0] Node 0 disconnected. (org.apache.kafka.clients.NetworkClient:977)
[2023-12-27 12:25:02,697] WARN [jdbc-source-connector|task-0] [Producer clientId=connector-producer-jdbc-source-connector-0] Connection to node 0 (localhost/127.0.0.1:9092) could not be established. Broker may not be available. (org.apache.kafka.clients.NetworkClient:814)
[2023-12-27 12:25:02,798] INFO [jdbc-source-connector|task-0] [Producer clientId=connector-producer-jdbc-source-connector-0] Node 0 disconnected. (org.apache.kafka.clients.NetworkClient:977)
[2023-12-27 12:25:02,798] WARN [jdbc-source-connector|task-0] [Producer clientId=connector-producer-jdbc-source-connector-0] Connection to node 0 (localhost/127.0.0.1:9092) could not be established. Broker may not be available. (org.apache.kafka.clients.NetworkClient:814)
[2023-12-27 12:25:02,999] INFO [jdbc-source-connector|task-0] [Producer clientId=connector-producer-jdbc-source-connector-0] Node 0 disconnected. (org.apache.kafka.clients.NetworkClient:977)
[2023-12-27 12:25:03,001] WARN [jdbc-source-connector|task-0] [Producer clientId=connector-producer-jdbc-source-connector-0] Connection to node 0 (localhost/127.0.0.1:9092) could not be established. Broker may not be available. (org.apache.kafka.clients.NetworkClient:814)
[2023-12-27 12:25:03,454] INFO [jdbc-source-connector|task-0] [Producer clientId=connector-producer-jdbc-source-connector-0] Node 0 disconnected. (org.apache.kafka.clients.NetworkClient:977)
[2023-12-27 12:25:03,455] WARN [jdbc-source-connector|task-0] [Producer clientId=connector-producer-jdbc-source-connector-0] Connection to node 0 (localhost/127.0.0.1:9092) could not be established. Broker may not be available. (org.apache.kafka.clients.NetworkClient:814)
[2023-12-27 12:25:03,652] INFO Kafka Connect stopping (org.apache.kafka.connect.runtime.Connect:67)
[2023-12-27 12:25:03,655] INFO Stopping REST server (org.apache.kafka.connect.runtime.rest.RestServer:348)
[2023-12-27 12:25:03,667] INFO Stopped http_8083@7f82a71f{HTTP/1.1, (http/1.1)}{0.0.0.0:8083} (org.eclipse.jetty.server.AbstractConnector:383)
[2023-12-27 12:25:03,668] INFO node0 Stopped scavenging (org.eclipse.jetty.server.session:149)
[2023-12-27 12:25:03,674] INFO REST server stopped (org.apache.kafka.connect.runtime.rest.RestServer:365)
[2023-12-27 12:25:03,674] INFO Herder stopping (org.apache.kafka.connect.runtime.standalone.StandaloneHerder:111)
[2023-12-27 12:25:03,676] INFO [jdbc-source-connector|task-0] Stopping task jdbc-source-connector-0 (org.apache.kafka.connect.runtime.Worker:1008)
[2023-12-27 12:25:04,366] INFO [jdbc-source-connector|task-0] [Producer clientId=connector-producer-jdbc-source-connector-0] Node 0 disconnected. (org.apache.kafka.clients.NetworkClient:977)
[2023-12-27 12:25:04,366] WARN [jdbc-source-connector|task-0] [Producer clientId=connector-producer-jdbc-source-connector-0] Connection to node 0 (localhost/127.0.0.1:9092) could not be established. Broker may not be available. (org.apache.kafka.clients.NetworkClient:814)
[2023-12-27 12:25:05,375] INFO [jdbc-source-connector|task-0] [Producer clientId=connector-producer-jdbc-source-connector-0] Node 0 disconnected. (org.apache.kafka.clients.NetworkClient:977)
[2023-12-27 12:25:05,376] WARN [jdbc-source-connector|task-0] [Producer clientId=connector-producer-jdbc-source-connector-0] Connection to node 0 (localhost/127.0.0.1:9092) could not be established. Broker may not be available. (org.apache.kafka.clients.NetworkClient:814)
[2023-12-27 12:25:06,591] INFO [jdbc-source-connector|task-0] [Producer clientId=connector-producer-jdbc-source-connector-0] Node 0 disconnected. (org.apache.kafka.clients.NetworkClient:977)
[2023-12-27 12:25:06,591] WARN [jdbc-source-connector|task-0] [Producer clientId=connector-producer-jdbc-source-connector-0] Connection to node 0 (localhost/127.0.0.1:9092) could not be established. Broker may not be available. (org.apache.kafka.clients.NetworkClient:814)
[2023-12-27 12:25:07,448] INFO [jdbc-source-connector|task-0] [Producer clientId=connector-producer-jdbc-source-connector-0] Node 0 disconnected. (org.apache.kafka.clients.NetworkClient:977)
[2023-12-27 12:25:07,448] WARN [jdbc-source-connector|task-0] [Producer clientId=connector-producer-jdbc-source-connector-0] Connection to node 0 (localhost/127.0.0.1:9092) could not be established. Broker may not be available. (org.apache.kafka.clients.NetworkClient:814)
[2023-12-27 12:25:08,358] INFO [jdbc-source-connector|task-0] [Producer clientId=connector-producer-jdbc-source-connector-0] Node 0 disconnected. (org.apache.kafka.clients.NetworkClient:977)
[2023-12-27 12:25:08,358] WARN [jdbc-source-connector|task-0] [Producer clientId=connector-producer-jdbc-source-connector-0] Connection to node 0 (localhost/127.0.0.1:9092) could not be established. Broker may not be available. (org.apache.kafka.clients.NetworkClient:814)
[2023-12-27 12:25:08,677] ERROR [jdbc-source-connector|task-0] Graceful stop of task jdbc-source-connector-0 failed. (org.apache.kafka.connect.runtime.Worker:1035)
[2023-12-27 12:25:08,684] INFO [jdbc-source-connector|worker] Stopping connector jdbc-source-connector (org.apache.kafka.connect.runtime.Worker:419)
[2023-12-27 12:25:08,684] INFO [jdbc-source-connector|worker] Scheduled shutdown for WorkerConnector{id=jdbc-source-connector} (org.apache.kafka.connect.runtime.WorkerConnector:267)
[2023-12-27 12:25:08,684] INFO [jdbc-source-connector|worker] Stopping table monitoring thread (io.confluent.connect.jdbc.JdbcSourceConnector:182)
[2023-12-27 12:25:08,684] INFO [jdbc-source-connector|worker] Shutting down thread monitoring tables. (io.confluent.connect.jdbc.source.TableMonitorThread:149)
[2023-12-27 12:25:08,685] INFO [jdbc-source-connector|worker] Closing connection #1 to SqlServer (io.confluent.connect.jdbc.util.CachedConnectionProvider:105)
[2023-12-27 12:25:08,687] INFO [jdbc-source-connector|worker] Completed shutdown for WorkerConnector{id=jdbc-source-connector} (org.apache.kafka.connect.runtime.WorkerConnector:287)
[2023-12-27 12:25:08,690] INFO Worker stopping (org.apache.kafka.connect.runtime.Worker:247)
[2023-12-27 12:25:08,692] INFO [jdbc-source-connector|task-0] [Producer clientId=connector-producer-jdbc-source-connector-0] Closing the Kafka producer with timeoutMillis = 0 ms. (org.apache.kafka.clients.producer.KafkaProducer:1295)
[2023-12-27 12:25:08,693] INFO [jdbc-source-connector|task-0] [Producer clientId=connector-producer-jdbc-source-connector-0] Proceeding to force close the producer since pending requests could not be completed within timeout 0 ms. (org.apache.kafka.clients.producer.KafkaProducer:1321)
[2023-12-27 12:25:08,694] INFO Stopped FileOffsetBackingStore (org.apache.kafka.connect.storage.FileOffsetBackingStore:71)
[2023-12-27 12:25:08,694] INFO Metrics scheduler closed (org.apache.kafka.common.metrics.Metrics:693)
[2023-12-27 12:25:08,702] INFO Closing reporter org.apache.kafka.common.metrics.JmxReporter (org.apache.kafka.common.metrics.Metrics:697)
[2023-12-27 12:25:08,704] INFO Metrics reporters closed (org.apache.kafka.common.metrics.Metrics:703)
[2023-12-27 12:25:08,705] INFO App info kafka.connect for 10.0.0.4:8083 unregistered (org.apache.kafka.common.utils.AppInfoParser:83)
[2023-12-27 12:25:08,705] INFO Worker stopped (org.apache.kafka.connect.runtime.Worker:268)
[2023-12-27 12:25:08,701] INFO [jdbc-source-connector|task-0] Metrics scheduler closed (org.apache.kafka.common.metrics.Metrics:693)
[2023-12-27 12:25:08,705] INFO [jdbc-source-connector|task-0] Closing reporter org.apache.kafka.common.metrics.JmxReporter (org.apache.kafka.common.metrics.Metrics:697)
[2023-12-27 12:25:08,706] INFO [jdbc-source-connector|task-0] Metrics reporters closed (org.apache.kafka.common.metrics.Metrics:703)
[2023-12-27 12:25:08,706] INFO [jdbc-source-connector|task-0] App info kafka.producer for connector-producer-jdbc-source-connector-0 unregistered (org.apache.kafka.common.utils.AppInfoParser:83)
[2023-12-27 12:25:09,267] INFO [jdbc-source-connector|task-0] Stopping JDBC source task (io.confluent.connect.jdbc.source.JdbcSourceTask:325)
[2023-12-27 12:25:09,268] INFO [jdbc-source-connector|task-0] Closing resources for JDBC source task (io.confluent.connect.jdbc.source.JdbcSourceTask:337)
[2023-12-27 12:25:09,268] INFO [jdbc-source-connector|task-0] Closing connection #1 to SqlServer (io.confluent.connect.jdbc.util.CachedConnectionProvider:105)
[2023-12-27 12:25:09,269] INFO [jdbc-source-connector|task-0] [Producer clientId=connector-producer-jdbc-source-connector-0] Closing the Kafka producer with timeoutMillis = 30000 ms. (org.apache.kafka.clients.producer.KafkaProducer:1295)
[2023-12-27 12:25:09,269] INFO [jdbc-source-connector|task-0] Metrics scheduler closed (org.apache.kafka.common.metrics.Metrics:693)
[2023-12-27 12:25:09,269] INFO [jdbc-source-connector|task-0] Closing reporter org.apache.kafka.common.metrics.JmxReporter (org.apache.kafka.common.metrics.Metrics:697)
[2023-12-27 12:25:09,269] INFO [jdbc-source-connector|task-0] Metrics reporters closed (org.apache.kafka.common.metrics.Metrics:703)
[2023-12-27 12:25:09,270] INFO [jdbc-source-connector|task-0] App info kafka.producer for connector-producer-jdbc-source-connector-0 unregistered (org.apache.kafka.common.utils.AppInfoParser:83)
[2023-12-27 12:25:09,270] INFO Herder stopped (org.apache.kafka.connect.runtime.standalone.StandaloneHerder:122)
[2023-12-27 12:25:09,270] INFO Kafka Connect stopped (org.apache.kafka.connect.runtime.Connect:72)
